<?xml version="1.0" encoding="UTF-8"?>
<testsuite xmlns:xsi="http://www.w3.org/2001/XMLSchema-instance" xsi:noNamespaceSchemaLocation="https://maven.apache.org/surefire/maven-surefire-plugin/xsd/surefire-test-report-3.0.xsd" version="3.0" name="TestSuite" time="4.126" tests="1" errors="0" skipped="0" failures="0">
  <properties>
[...]
</properties>
  <testcase name="ElementPresetTest" classname="com.krishnas.KrishnasProjectTesting.suites.ArtOfTestingPageCase1" time="0.003">
    <system-out><![CDATA[Environment Configuration File --> {TestSettings={BrowserType=firefox, TimeOut=120, Country_of_birth=India, BaseUrl="http://www.google.com"}}
Page title is: Google
]]></system-out>
    <system-err><![CDATA[Feb 06, 2025 1:54:20 P.M. org.openqa.selenium.firefox.FirefoxDriver <init>
WARNING: CDP support for Firefox is deprecated and will be removed in future versions. Please switch to WebDriver BiDi.
]]></system-err>
  </testcase>
</testsuite>