<?xml version="1.0" encoding="UTF-8"?>
<testng-results total="1" passed="1" failed="0" skipped="0">
  <reporter-output>
  </reporter-output>
  <suite started-at="2025-02-06T18:54:22Z" name="MyTestSuite" finished-at="2025-02-06T18:54:22Z" duration-ms="5">
    <groups>
    </groups>
    <test started-at="2025-02-06T18:54:22Z" name="ArtOfTestingPageCase1" finished-at="2025-02-06T18:54:22Z" duration-ms="5">
      <class name="com.krishnas.KrishnasProjectTesting.suites.ArtOfTestingPageCase1">
        <test-method signature="ElementPresetTest()[pri:0, instance:com.krishnas.KrishnasProjectTesting.suites.ArtOfTestingPageCase1@9a2ec9b]" started-at="2025-02-06T13:54:22Z" name="ElementPresetTest" finished-at="2025-02-06T13:54:22Z" duration-ms="2" status="PASS">
          <reporter-output>
          </reporter-output>
        </test-method> <!-- ElementPresetTest -->
      </class> <!-- com.krishnas.KrishnasProjectTesting.suites.ArtOfTestingPageCase1 -->
    </test> <!-- ArtOfTestingPageCase1 -->
  </suite> <!-- MyTestSuite -->
</testng-results>
